<?xml version="1.0" encoding="UTF-8"?>
<!-- Generated by org.testng.reporters.JUnitReportReporter -->
<testsuite hostname="Pankajs-MacBook-Air.local" failures="0" tests="4" name="api.test.UserTests2UsingProperties" time="6.794" errors="0" timestamp="2025-03-01T10:31:11 IST" skipped="0">
  <testcase classname="api.test.UserTests2UsingProperties" name="testPostUser" time="1.699"/>
  <testcase classname="api.test.UserTests2UsingProperties" name="testGetUser" time="1.515"/>
  <testcase classname="api.test.UserTests2UsingProperties" name="testUpdateUser" time="2.560"/>
  <testcase classname="api.test.UserTests2UsingProperties" name="testDeleteUser" time="1.020"/>
</testsuite> <!-- api.test.UserTests2UsingProperties -->
