<?xml version="1.0" encoding="UTF-8"?>
<!-- Generated by org.testng.reporters.JUnitReportReporter -->
<testsuite hostname="Pankajs-MacBook-Air.local" failures="0" tests="6" name="api.test.DataDrivenTest" time="11.852" errors="0" timestamp="2025-03-01T10:50:38 IST" skipped="0">
  <testcase classname="api.test.DataDrivenTest" name="testPostUser" time="1.628"/>
  <testcase classname="api.test.DataDrivenTest" name="testPostUser" time="1.026"/>
  <testcase classname="api.test.DataDrivenTest" name="testPostUser" time="1.459"/>
  <testcase classname="api.test.DataDrivenTest" name="testPostUser" time="1.197"/>
  <testcase classname="api.test.DataDrivenTest" name="testPostUser" time="1.649"/>
  <testcase classname="api.test.DataDrivenTest" name="testPostUser" time="4.893"/>
</testsuite> <!-- api.test.DataDrivenTest -->
