<?xml version="1.0" encoding="UTF-8"?>
<!-- Generated by org.testng.reporters.JUnitReportReporter -->
<testsuite hostname="Pankajs-MacBook-Air.local" failures="0" tests="4" name="api.test.UserTests" time="10.622" errors="0" timestamp="2025-03-01T10:50:38 IST" skipped="0">
  <testcase classname="api.test.UserTests" name="testPostUser" time="1.002"/>
  <testcase classname="api.test.UserTests" name="testGetUser" time="5.178"/>
  <testcase classname="api.test.UserTests" name="testUpdateUser" time="2.961"/>
  <testcase classname="api.test.UserTests" name="testDeleteUser" time="1.481"/>
</testsuite> <!-- api.test.UserTests -->
