<?xml version="1.0" encoding="UTF-8"?>
<!-- Generated by org.testng.reporters.JUnitReportReporter -->
<testsuite hostname="Pankajs-MacBook-Air.local" failures="0" tests="6" name="api.test.DataDrivenTest" time="13.350" errors="0" timestamp="2025-03-01T11:10:18 IST" skipped="0">
  <testcase classname="api.test.DataDrivenTest" name="testPostUser" time="1.223"/>
  <testcase classname="api.test.DataDrivenTest" name="testPostUser" time="1.255"/>
  <testcase classname="api.test.DataDrivenTest" name="testPostUser" time="1.019"/>
  <testcase classname="api.test.DataDrivenTest" name="testPostUser" time="4.485"/>
  <testcase classname="api.test.DataDrivenTest" name="testPostUser" time="4.242"/>
  <testcase classname="api.test.DataDrivenTest" name="testPostUser" time="1.126"/>
</testsuite> <!-- api.test.DataDrivenTest -->
