<?xml version="1.0" encoding="UTF-8"?>
<!-- Generated by org.testng.reporters.JUnitReportReporter -->
<testsuite hostname="Pankajs-MacBook-Air.local" failures="0" tests="4" name="api.test.UserTests" time="23.431" errors="0" timestamp="2025-03-01T11:10:18 IST" skipped="0">
  <testcase classname="api.test.UserTests" name="testPostUser" time="1.699"/>
  <testcase classname="api.test.UserTests" name="testGetUser" time="4.780"/>
  <testcase classname="api.test.UserTests" name="testUpdateUser" time="15.941"/>
  <testcase classname="api.test.UserTests" name="testDeleteUser" time="1.011"/>
</testsuite> <!-- api.test.UserTests -->
